<?xml version="1.0" encoding="UTF-8"?>
<testng-results skipped="0" failed="0" ignored="0" total="1" passed="1">
  <reporter-output>
  </reporter-output>
  <suite name="Suite" duration-ms="34233" started-at="2019-08-23T17:54:32Z" finished-at="2019-08-23T17:55:06Z">
    <groups>
    </groups>
    <test name="Test" duration-ms="34233" started-at="2019-08-23T17:54:32Z" finished-at="2019-08-23T17:55:06Z">
      <class name="testcases.SomeTest">
        <test-method status="PASS" signature="initDriver()[pri:0, instance:testcases.SomeTest@6e6d5e]" name="initDriver" is-config="true" duration-ms="5811" started-at="2019-08-23T17:54:32Z" finished-at="2019-08-23T17:54:37Z">
          <reporter-output>
          </reporter-output>
        </test-method> <!-- initDriver -->
        <test-method status="PASS" signature="googleTest()[pri:0, instance:testcases.SomeTest@6e6d5e]" name="googleTest" duration-ms="25987" started-at="2019-08-23T17:54:37Z" finished-at="2019-08-23T17:55:03Z">
          <reporter-output>
          </reporter-output>
        </test-method> <!-- googleTest -->
        <test-method status="PASS" signature="closeDriver()[pri:0, instance:testcases.SomeTest@6e6d5e]" name="closeDriver" is-config="true" duration-ms="2396" started-at="2019-08-23T17:55:03Z" finished-at="2019-08-23T17:55:06Z">
          <reporter-output>
          </reporter-output>
        </test-method> <!-- closeDriver -->
      </class> <!-- testcases.SomeTest -->
    </test> <!-- Test -->
  </suite> <!-- Suite -->
</testng-results>
