<?xml version="1.0" encoding="UTF-8"?>
<testng-results skipped="0" failed="0" ignored="0" total="1" passed="1">
  <reporter-output>
  </reporter-output>
  <suite name="Default suite" duration-ms="22117" started-at="2019-08-25T07:05:50Z" finished-at="2019-08-25T07:06:12Z">
    <groups>
    </groups>
    <test name="Default test" duration-ms="22117" started-at="2019-08-25T07:05:50Z" finished-at="2019-08-25T07:06:12Z">
      <class name="testcases.SomeTest">
        <test-method status="PASS" signature="initDriver()[pri:0, instance:testcases.SomeTest@1f3ddb1]" name="initDriver" is-config="true" duration-ms="8227" started-at="2019-08-25T07:05:50Z" finished-at="2019-08-25T07:05:59Z">
          <reporter-output>
          </reporter-output>
        </test-method> <!-- initDriver -->
        <test-method status="PASS" signature="googleTest()[pri:0, instance:testcases.SomeTest@1f3ddb1]" name="googleTest" duration-ms="11674" started-at="2019-08-25T07:05:59Z" finished-at="2019-08-25T07:06:10Z">
          <reporter-output>
          </reporter-output>
        </test-method> <!-- googleTest -->
        <test-method status="PASS" signature="closeDriver()[pri:0, instance:testcases.SomeTest@1f3ddb1]" name="closeDriver" is-config="true" duration-ms="2136" started-at="2019-08-25T07:06:10Z" finished-at="2019-08-25T07:06:12Z">
          <reporter-output>
          </reporter-output>
        </test-method> <!-- closeDriver -->
      </class> <!-- testcases.SomeTest -->
    </test> <!-- Default test -->
  </suite> <!-- Default suite -->
</testng-results>
