<?xml version="1.0" encoding="UTF-8"?>
<testng-results skipped="0" failed="0" ignored="0" total="1" passed="1">
  <reporter-output>
  </reporter-output>
  <suite name="Default suite" duration-ms="15501" started-at="2020-05-18T16:17:28Z" finished-at="2020-05-18T16:17:44Z">
    <groups>
    </groups>
    <test name="Default test" duration-ms="15501" started-at="2020-05-18T16:17:28Z" finished-at="2020-05-18T16:17:44Z">
      <class name="testcases.SomeTest">
        <test-method status="PASS" signature="initDriver()[pri:0, instance:testcases.SomeTest@4b9e13df]" name="initDriver" is-config="true" duration-ms="5812" started-at="2020-05-18T16:17:28Z" finished-at="2020-05-18T16:17:34Z">
          <reporter-output>
          </reporter-output>
        </test-method> <!-- initDriver -->
        <test-method status="PASS" signature="googleTest()[pri:0, instance:testcases.SomeTest@4b9e13df]" name="googleTest" duration-ms="7190" started-at="2020-05-18T16:17:34Z" finished-at="2020-05-18T16:17:41Z">
          <reporter-output>
          </reporter-output>
        </test-method> <!-- googleTest -->
        <test-method status="PASS" signature="closeDriver()[pri:0, instance:testcases.SomeTest@4b9e13df]" name="closeDriver" is-config="true" duration-ms="2471" started-at="2020-05-18T16:17:41Z" finished-at="2020-05-18T16:17:44Z">
          <reporter-output>
          </reporter-output>
        </test-method> <!-- closeDriver -->
      </class> <!-- testcases.SomeTest -->
    </test> <!-- Default test -->
  </suite> <!-- Default suite -->
</testng-results>
